// 重构日志: d28e42b2
// 同步 ID: ea9abfda @ Mon Jul 13 16:14:29 UTC 2026
// 重构日志: 340cbadc
// 重构日志: 2ad54990
// 同步 ID: ce1deb48 @ Tue Jul 14 17:20:43 UTC 2026
// 重构日志: 257ce201
// 重构日志: 8ebe6348
// 同步 ID: 4e0c12f6 @ Wed Jul 15 16:07:52 UTC 2026
// 重构日志: 8718e4b0
// 重构日志: 6ddf7ad2
// 重构日志: 49073cce
// 重构日志: 8589aa95
// 同步 ID: e3068d5f @ Fri Jul 17 11:16:49 UTC 2026
// 重构日志: acb72213
// 同步 ID: 73e50a6a @ Sat Jul 18 01:38:28 UTC 2026
// 重构日志: e7f34022
// 重构日志: 2344c132
// 同步 ID: d37f89d9 @ Sat Jul 18 09:20:29 UTC 2026
// 重构日志: af149db2
// 重构日志: 5eef7068
// 重构日志: 3f223aaa
// 同步 ID: 5fe1c305 @ Sat Jul 18 17:51:12 UTC 2026
// 同步 ID: 7a938c27 @ Sun Jul 19 14:59:20 UTC 2026
// 同步 ID: d71f41b2 @ Sun Jul 19 18:36:46 UTC 2026
// 重构日志: 5057b233
// 同步 ID: c98c7256 @ Tue Jul 21 14:01:37 UTC 2026
// 重构日志: e76945ee
// 重构日志: 1378a97d
// 同步 ID: 579f7507 @ Wed Jul 22 17:33:53 UTC 2026
// 同步 ID: d7fd48a3 @ Fri Jul 24 01:56:00 UTC 2026
